<?xml version="1.0" encoding="UTF-8"?>
<!-- Generated by org.testng.reporters.JUnitReportReporter -->
<testsuite skipped="0" hostname="JKTLPLS009" name="test.TestNG" tests="1" failures="0" timestamp="2020-09-14T14:29:16 IST" time="9.956" errors="0">
  <testcase name="testPage" time="9.956" classname="test.TestNG"/>
  <system-out/>
</testsuite> <!-- test.TestNG -->
