<?xml version="1.0" encoding="UTF-8"?>
<!-- Generated by org.testng.reporters.JUnitReportReporter -->
<testsuite skipped="0" hostname="JKTLPLS009" name="TestNG" tests="1" failures="0" timestamp="2020-09-11T18:48:27 IST" time="5.817" errors="0">
  <testcase name="testPage" time="5.817" classname="TestNG"/>
  <system-out/>
</testsuite> <!-- TestNG -->
