<?xml version="1.0" encoding="UTF-8"?>
<!-- Generated by org.testng.reporters.JUnitReportReporter -->
<testsuite skipped="1" hostname="JKTNOLPLS009" name="Listners.ListenersDemo" tests="2" failures="0" timestamp="2020-10-06T12:21:45 IST" time="0.020" errors="0">
  <testcase name="test1" time="0.015" classname="Listners.ListenersDemo"/>
  <system-out/>
  <testcase name="test3" time="0.005" classname="Listners.ListenersDemo">
    <skipped/>
  </testcase> <!-- test3 -->
  <system-out/>
</testsuite> <!-- Listners.ListenersDemo -->
