<?xml version="1.0" encoding="UTF-8"?>
<!-- Generated by org.testng.reporters.JUnitReportReporter -->
<testsuite skipped="1" hostname="JKTNOLPLS009" name="Listners.ListenersDemo2" tests="3" failures="0" timestamp="2020-10-05T11:18:20 IST" time="0.050" errors="0">
  <testcase name="test3" time="0.044" classname="Listners.ListenersDemo2"/>
  <system-out/>
  <testcase name="test4" time="0.002" classname="Listners.ListenersDemo2"/>
  <system-out/>
  <testcase name="test5" time="0.004" classname="Listners.ListenersDemo2">
    <skipped/>
  </testcase> <!-- test5 -->
  <system-out/>
</testsuite> <!-- Listners.ListenersDemo2 -->
