<?xml version="1.0" encoding="UTF-8"?>
<!-- Generated by org.testng.reporters.JUnitReportReporter -->
<testsuite skipped="0" hostname="JKTNOLPLS009" name="demo.TestngDependency" tests="2" failures="0" timestamp="2020-10-07T11:43:51 IST" time="0.027" errors="0">
  <testcase name="test1" time="0.004" classname="demo.TestngDependency"/>
  <system-out/>
  <testcase name="test2" time="0.023" classname="demo.TestngDependency"/>
  <system-out/>
</testsuite> <!-- demo.TestngDependency -->
