<?xml version="1.0" encoding="UTF-8"?>
<!-- Generated by org.testng.reporters.JUnitReportReporter -->
<testsuite skipped="0" hostname="JKTLPLS009" name="test.TestNG2" tests="1" failures="0" timestamp="2020-09-14T14:29:16 IST" time="27.532" errors="0">
  <testcase name="testPage3" time="27.532" classname="test.TestNG2"/>
  <system-out/>
</testsuite> <!-- test.TestNG2 -->
